 pnpm error
'error' is not recognized as an internal or external command,
operable program or batch file.
 ERR_PNPM_RECURSIVE_EXEC_FIRST_FAIL  Command "error" not found
PS C:\Users\BRT\Downloads\web-projects\aiearnbot\admin> pnpm error

> admin@0.1.0 error C:\Users\BRT\Downloads\web-projects\aiearnbot\admin
> npx tsc --noEmit

src/features/deposits/api.ts:18:7 - error TS2322: Type '(params: void | DepositQueryParams) => { url: "/deposits/admin/all"; method: string; params: void | DepositQueryParams; }' is not assignable to type '(arg: void | DepositQueryParams) => string | FetchArgs'.
  Type '{ url: "/deposits/admin/all"; method: string; params: void | DepositQueryParams; }' is not assignable to type 'string | FetchArgs'.   
    Type '{ url: "/deposits/admin/all"; method: string; params: void | DepositQueryParams; }' is not assignable to type 'FetchArgs'.
      Types of property 'params' are incompatible.
        Type 'void | DepositQueryParams' is not assignable to type 'Record<string, any> | undefined'.
          Type 'void' is not assignable to type 'Record<string, any> | undefined'.

18       query: (params) => ({
         ~~~~~

  node_modules/.pnpm/@reduxjs+toolkit@2.10.1_rea_6ec474b8df592ed08f2305e681557793/node_modules/@reduxjs/toolkit/dist/query/index.d.mts:1666:5 
    1666     query(arg: QueryArg): BaseQueryArg<BaseQuery>;
             ~~~~~~~~~~~~~~~~~~~~~~~~~~~~~~~~~~~~~~~~~~~~~~
    The expected type comes from property 'query' which is declared here on type 'Omit<EndpointDefinitionWithQuery<void | DepositQueryParams, BaseQueryFn<string | FetchArgs, unknown, FetchBaseQueryError, {}, FetchBaseQueryMeta>, { ...; }, unknown> & CommonEndpointDefinition<...> & { ...; } & { ...; } & QueryExtraOptions<...>, "type"> | Omit<...>'       

src/features/deposits/components/DepositsView.tsx:48:30 - error TS2339:
 Property 'total' does not exist on type '{ deposits: Deposit[]; }'.   

48   const totalRecords = data?.total ?? deposits.length;
                                ~~~~~

src/features/deposits/components/DepositsView.tsx:59:15 - error TS2339: Property 'email' does not exist on type '{ _id: string; name?: string | undefined; email?: string | undefined; telegramUsername?: string | undefined; referralCode?: string | undefined; } | { name: string; }'.    
  Property 'email' does not exist on type '{ name: string; }'.

59         user?.email?.toLowerCase().includes(lowered) ||
                 ~~~~~

src/features/deposits/components/DepositsView.tsx:60:15 - error TS2339: Property 'referralCode' does not exist on type '{ _id: string; name?: string | undefined; email?: string | undefined; telegramUsername?: string | undefined; referralCode?: string | undefined; } | { name: string; }'.
  Property 'referralCode' does not exist on type '{ name: string; }'.  

60         user?.referralCode?.toLowerCase().includes(lowered)
                 ~~~~~~~~~~~~

src/features/deposits/components/DepositsView.tsx:65:51 - error TS2339:
 Property 'total' does not exist on type '{ deposits: Deposit[]; }'.   

65   const totalPages = Math.max(1, Math.ceil((data?.total ?? filteredDeposits.length) / pageSize));
                                                     ~~~~~

src/features/deposits/components/DepositsView.tsx:256:48 - error TS2339: Property 'email' does not exist on type '{ _id: string; name?: string | undefined; email?: string | undefined; telegramUsername?: string | undefined; referralCode?: string | undefined; } | { name: string; }'.   
  Property 'email' does not exist on type '{ name: string; }'.

256                           {user?.name || user?.email || user?._id} 
                                                   ~~~~~

src/features/deposits/components/DepositsView.tsx:256:63 - error TS2339: Property '_id' does not exist on type '{ _id: string; name?: string | undefined; email?: string | undefined; telegramUsername?: string | undefined; referralCode?: string | undefined; } | { name: string; }'.     
  Property '_id' does not exist on type '{ name: string; }'.

256                           {user?.name || user?.email || user?._id} 
                                                                  ~~~  

src/features/deposits/components/DepositsView.tsx:259:34 - error TS2339: Property 'email' does not exist on type '{ _id: string; name?: string | undefined; email?: string | undefined; telegramUsername?: string | undefined; referralCode?: string | undefined; } | { name: string; }'.   
  Property 'email' does not exist on type '{ name: string; }'.

259                           {user?.email ?? user?.referralCode ?? "—"}
                                     ~~~~~

src/features/deposits/components/DepositsView.tsx:259:49 - error TS2339: Property 'referralCode' does not exist on type '{ _id: string; name?: string | undefined; email?: string | undefined; telegramUsername?: string | undefined; referralCode?: string | undefined; } | { name: string; }'.
  Property 'referralCode' does not exist on type '{ name: string; }'.  

259                           {user?.email ?? user?.referralCode ?? "—"}
                                                    ~~~~~~~~~~~~       

src/features/deposits/components/DepositsView.tsx:334:46 - error TS2339: Property 'total' does not exist on type '{ deposits: Deposit[]; }'.  

334             {Math.min(page * pageSize, data?.total ?? filteredDeposits.length)} of{" "}
                                                 ~~~~~

src/features/deposits/components/DepositsView.tsx:335:20 - error TS2339: Property 'total' does not exist on type '{ deposits: Deposit[]; }'.  

335             {data?.total?.toLocaleString() ?? filteredDeposits.length} records
                       ~~~~~

src/features/income/api.ts:8:7 - error TS2322: Type '(params: void | IncomeQueryParams) => { url: "/admin/manage/incomes"; method: string; params: void | IncomeQueryParams; }' is not assignable to type '(arg: void | IncomeQueryParams) => string | FetchArgs'.
  Type '{ url: "/admin/manage/incomes"; method: string; params: void | IncomeQueryParams; }' is not assignable to type 'string | FetchArgs'.  
    Type '{ url: "/admin/manage/incomes"; method: string; params: void | IncomeQueryParams; }' is not assignable to type 'FetchArgs'.
      Types of property 'params' are incompatible.
        Type 'void | IncomeQueryParams' is not assignable to type 'Record<string, any> | undefined'.
          Type 'void' is not assignable to type 'Record<string, any> | undefined'.

8       query: (params) => ({
        ~~~~~

  node_modules/.pnpm/@reduxjs+toolkit@2.10.1_rea_6ec474b8df592ed08f2305e681557793/node_modules/@reduxjs/toolkit/dist/query/index.d.mts:1666:5 
    1666     query(arg: QueryArg): BaseQueryArg<BaseQuery>;
             ~~~~~~~~~~~~~~~~~~~~~~~~~~~~~~~~~~~~~~~~~~~~~~
    The expected type comes from property 'query' which is declared here on type 'Omit<EndpointDefinitionWithQuery<void | IncomeQueryParams, BaseQueryFn<string | FetchArgs, unknown, FetchBaseQueryError, {}, FetchBaseQueryMeta>, IncomeListResponse, unknown> & CommonEndpointDefinition<...> & { ...; } & { ...; } & QueryExtraOptions<...>, "type"> | Omit<...>'

src/features/income/components/shared/IncomeBoardBase.tsx:138:71 - error TS2345: Argument of type '{ search: string | undefined; incomeType: string | undefined; level: number | undefined; status: IncomeStatus | undefined; sortField: SortField; sortDirection: SortDirection; limit: 10 | ... 2 more ... | 100; page: number; }' is not assignable to parameter of type 'void | IncomeQueryParams | unique symbol'.
  Type '{ search: string | undefined; incomeType: string | undefined; level: number | undefined; status: IncomeStatus | undefined; sortField: SortField; sortDirection: SortDirection; limit: 10 | ... 2 more ... | 100; page: number; }' is not assignable to type 'IncomeQueryParams'.    
    Types of property 'incomeType' are incompatible.
      Type 'string | undefined' is not assignable to type '"all" | IncomeType | undefined'.
        Type 'string' is not assignable to type '"all" | IncomeType | undefined'.

138   const { data, isLoading, isFetching, refetch } = useGetIncomesQuery(queryParams);
                                                                       
   ~~~~~~~~~~~

src/features/investments/api.ts:20:7 - error TS2322: Type '(params: void | InvestmentQueryParams) => { url: "/admin/manage/investments"; method: string; params: void | InvestmentQueryParams; }' is not assignable to type '(arg: void | InvestmentQueryParams) => string | FetchArgs'.    
  Type '{ url: "/admin/manage/investments"; method: string; params: void | InvestmentQueryParams; }' is not assignable to type 'string | FetchArgs'.
    Type '{ url: "/admin/manage/investments"; method: string; params: void | InvestmentQueryParams; }' is not assignable to type 'FetchArgs'. 
      Types of property 'params' are incompatible.
        Type 'void | InvestmentQueryParams' is not assignable to type 'Record<string, any> | undefined'.
          Type 'void' is not assignable to type 'Record<string, any> | undefined'.

20       query: (params) => ({
         ~~~~~

  node_modules/.pnpm/@reduxjs+toolkit@2.10.1_rea_6ec474b8df592ed08f2305e681557793/node_modules/@reduxjs/toolkit/dist/query/index.d.mts:1666:5 
    1666     query(arg: QueryArg): BaseQueryArg<BaseQuery>;
             ~~~~~~~~~~~~~~~~~~~~~~~~~~~~~~~~~~~~~~~~~~~~~~
    The expected type comes from property 'query' which is declared here on type 'Omit<EndpointDefinitionWithQuery<void | InvestmentQueryParams, BaseQueryFn<string | FetchArgs, unknown, FetchBaseQueryError, {}, FetchBaseQueryMeta>, InvestmentListResponse, unknown> & CommonEndpointDefinition<...> & { ...; } & { ...; } & QueryExtraOptions<...>, "type"> | Omit<...>'

src/features/users/api.ts:19:7 - error TS2322: Type '(params: void | UserQueryParams) => { url: "/admin/manage/users"; method: string; params: void | UserQueryParams; }' is not assignable to type '(arg: void | UserQueryParams) => string | FetchArgs'.
  Type '{ url: "/admin/manage/users"; method: string; params: void | UserQueryParams; }' is not assignable to type 'string | FetchArgs'.      
    Type '{ url: "/admin/manage/users"; method: string; params: void | UserQueryParams; }' is not assignable to type 'FetchArgs'.
      Types of property 'params' are incompatible.
        Type 'void | UserQueryParams' is not assignable to type 'Record<string, any> | undefined'.
          Type 'void' is not assignable to type 'Record<string, any> | undefined'.

19       query: (params) => ({
         ~~~~~

  node_modules/.pnpm/@reduxjs+toolkit@2.10.1_rea_6ec474b8df592ed08f2305e681557793/node_modules/@reduxjs/toolkit/dist/query/index.d.mts:1666:5 
    1666     query(arg: QueryArg): BaseQueryArg<BaseQuery>;
             ~~~~~~~~~~~~~~~~~~~~~~~~~~~~~~~~~~~~~~~~~~~~~~
    The expected type comes from property 'query' which is declared here on type 'Omit<EndpointDefinitionWithQuery<void | UserQueryParams, BaseQueryFn<string | FetchArgs, unknown, FetchBaseQueryError, {}, FetchBaseQueryMeta>, AdminUserListResponse, unknown> & CommonEndpointDefinition<...> & { ...; } & { ...; } & QueryExtraOptions<...>, "type"> | Omit<...>'

src/features/wallet-adjustments/api.ts:14:7 - error TS2322: Type '(params: void | WalletAdjustmentQueryParams) => { url: "/admin/manage/wallet-adjustments"; method: string; params: void | WalletAdjustmentQueryParams; }' is not assignable to type '(arg: void | WalletAdjustmentQueryParams) => string | FetchArgs'.
  Type '{ url: "/admin/manage/wallet-adjustments"; method: string; params: void | WalletAdjustmentQueryParams; }' is not assignable to type 'string | FetchArgs'.
    Type '{ url: "/admin/manage/wallet-adjustments"; method: string; params: void | WalletAdjustmentQueryParams; }' is not assignable to type 'FetchArgs'.
      Types of property 'params' are incompatible.
        Type 'void | WalletAdjustmentQueryParams' is not assignable to type 'Record<string, any> | undefined'.
          Type 'void' is not assignable to type 'Record<string, any> | undefined'.

14       query: (params) => ({
         ~~~~~

  node_modules/.pnpm/@reduxjs+toolkit@2.10.1_rea_6ec474b8df592ed08f2305e681557793/node_modules/@reduxjs/toolkit/dist/query/index.d.mts:1666:5 
    1666     query(arg: QueryArg): BaseQueryArg<BaseQuery>;
             ~~~~~~~~~~~~~~~~~~~~~~~~~~~~~~~~~~~~~~~~~~~~~~
    The expected type comes from property 'query' which is declared here on type 'Omit<EndpointDefinitionWithQuery<void | WalletAdjustmentQueryParams, BaseQueryFn<string | FetchArgs, unknown, FetchBaseQueryError, {}, FetchBaseQueryMeta>, { ...; }, unknown> & CommonEndpointDefinition<...> & { ...; } & { ...; } & QueryExtraOptions<...>, "type"> | Omit<...>'

src/features/wallet-adjustments/api.ts:45:7 - error TS2322: Type '(params: void | { startDate?: string | undefined; endDate?: string | undefined; }) => { url: "/admin/manage/wallet-adjustments/stats"; method: string; params: void | { startDate?: string | undefined; endDate?: string | undefined; }; }' is not assignable to type '(arg: void | { startDate?: string | undefined; endDate?: string | undefined; }) => string | FetchArgs'.
  Type '{ url: "/admin/manage/wallet-adjustments/stats"; method: string; params: void | { startDate?: string; endDate?: string; }; }' is not assignable to type 'string | FetchArgs'.
    Type '{ url: "/admin/manage/wallet-adjustments/stats"; method: string; params: void | { startDate?: string; endDate?: string; }; }' is not assignable to type 'FetchArgs'.
      Types of property 'params' are incompatible.
        Type 'void | { startDate?: string | undefined; endDate?: string | undefined; }' is not assignable to type 'Record<string, any> | undefined'.
          Type 'void' is not assignable to type 'Record<string, any> | undefined'.

45       query: (params) => ({
         ~~~~~

  node_modules/.pnpm/@reduxjs+toolkit@2.10.1_rea_6ec474b8df592ed08f2305e681557793/node_modules/@reduxjs/toolkit/dist/query/index.d.mts:1666:5 
    1666     query(arg: QueryArg): BaseQueryArg<BaseQuery>;
             ~~~~~~~~~~~~~~~~~~~~~~~~~~~~~~~~~~~~~~~~~~~~~~
    The expected type comes from property 'query' which is declared here on type 'Omit<EndpointDefinitionWithQuery<void | { startDate?: string | undefined; endDate?: string | undefined; }, BaseQueryFn<string | FetchArgs, unknown, FetchBaseQueryError, {}, FetchBaseQueryMeta>, WalletAdjustmentStats, unknown> & CommonEndpointDefinition<...> & { ...; } & { ...; } & QueryExtraOptions<...>, "type"> | O...'

src/features/withdrawals/api.ts:22:7 - error TS2322: Type '(params: void | WithdrawalQueryParams) => { url: "/withdrawals/admin/all"; method: string; params: void | WithdrawalQueryParams; }' is not assignable to type '(arg: void | WithdrawalQueryParams) => string | FetchArgs'.       
  Type '{ url: "/withdrawals/admin/all"; method: string; params: void | WithdrawalQueryParams; }' is not assignable to type 'string | FetchArgs'.
    Type '{ url: "/withdrawals/admin/all"; method: string; params: void | WithdrawalQueryParams; }' is not assignable to type 'FetchArgs'.    
      Types of property 'params' are incompatible.
        Type 'void | WithdrawalQueryParams' is not assignable to type 'Record<string, any> | undefined'.
          Type 'void' is not assignable to type 'Record<string, any> | undefined'.

22       query: (params) => ({
         ~~~~~

  node_modules/.pnpm/@reduxjs+toolkit@2.10.1_rea_6ec474b8df592ed08f2305e681557793/node_modules/@reduxjs/toolkit/dist/query/index.d.mts:1666:5 
    1666     query(arg: QueryArg): BaseQueryArg<BaseQuery>;
             ~~~~~~~~~~~~~~~~~~~~~~~~~~~~~~~~~~~~~~~~~~~~~~
    The expected type comes from property 'query' which is declared here on type 'Omit<EndpointDefinitionWithQuery<void | WithdrawalQueryParams, BaseQueryFn<string | FetchArgs, unknown, FetchBaseQueryError, {}, FetchBaseQueryMeta>, { ...; }, unknown> & CommonEndpointDefinition<...> & { ...; } & { ...; } & QueryExtraOptions<...>, "type"> | Omit<...>'    

src/features/withdrawals/components/WithdrawalsBoard.tsx:76:31 - error TS2339: Property 'meta' does not exist on type '{ withdrawals: Withdrawal[]; }'.

76   const apiTotalPages = data?.meta?.totalPages;
                                 ~~~~

src/features/withdrawals/components/WithdrawalsBoard.tsx:77:30 - error TS2339: Property 'total' does not exist on type '{ withdrawals: Withdrawal[]; }'.

77   const totalRecords = data?.total ?? 0;
                                ~~~~~

src/features/withdrawals/components/WithdrawalsBoard.tsx:79:49 - error TS2339: Property 'meta' does not exist on type '{ withdrawals: Withdrawal[]; }'.

79   const currentPage = isFetching ? page : data?.meta?.page ?? page; 
                                                   ~~~~

src/lib/utils/token.ts:1:21 - error TS7016: Could not find a declaration file for module 'js-cookie'. 'C:/Users/BRT/Downloads/web-projects/aiearnbot/admin/node_modules/.pnpm/js-cookie@3.0.5/node_modules/js-cookie/dist/js.cookie.mjs' implicitly has an 'any' type.
  Try `npm i --save-dev @types/js-cookie` if it exists or add a new declaration (.d.ts) file containing `declare module 'js-cookie';`

1 import Cookies from 'js-cookie';
                      ~~~~~~~~~~~


Found 22 errors in 10 files.

Errors  Files
     1  src/features/deposits/api.ts:18
    10  src/features/deposits/components/DepositsView.tsx:48
     1  src/features/income/api.ts:8
     1  src/features/income/components/shared/IncomeBoardBase.tsx:138  
     1  src/features/investments/api.ts:20
     1  src/features/users/api.ts:19
     2  src/features/wallet-adjustments/api.ts:14
     1  src/features/withdrawals/api.ts:22
     3  src/features/withdrawals/components/WithdrawalsBoard.tsx:76    
     1  src/lib/utils/token.ts:1
 ELIFECYCLE  Command failed with exit code 2.
PS C:\Users\BRT\Downloads\web-projects\aiearnbot\admin> 